SINFO:0,4,30,0,"DD 1/0 English"
SINFO:0,4,31,6121,"<b>Track information</b><br>"
SINFO:0,4,33,0,"90"
SINFO:0,5,1,6203,"Subtitles"
SINFO:0,5,3,0,"eng"
SINFO:0,5,4,0,"English"
SINFO:0,5,5,0,"S_VOBSUB"
SINFO:0,5,6,0,""
SINFO:0,5,7,0,"Dvd Subtitles"
SINFO:0,5,22,0,"0"
SINFO:0,5,30,0," English"
SINFO:0,5,31,6121,"<b>Track information</b><br>"
SINFO:0,5,33,0,"90"
SINFO:0,6,1,6203,"Subtitles"
SINFO:0,6,3,0,"eng"
SINFO:0,6,4,0,"English"
SINFO:0,6,5,0,"S_VOBSUB"
SINFO:0,6,6,0,""
SINFO:0,6,7,0,"Dvd Subtitles"
SINFO:0,6,22,0,"0"
SINFO:0,6,30,0," English"
SINFO:0,6,31,6121,"<b>Track information</b><br>"
SINFO:0,6,33,0,"90"
SINFO:0,7,1,6203,"Subtitles"
SINFO:0,7,3,0,"spa"
SINFO:0,7,4,0,"Spanish"
SINFO:0,7,5,0,"S_VOBSUB"
SINFO:0,7,6,0,""
SINFO:0,7,7,0,"Dvd Subtitles"
SINFO:0,7,22,0,"0"
SINFO:0,7,30,0," Spanish"
SINFO:0,7,31,6121,"<b>Track information</b><br>"
SINFO:0,7,33,0,"90"
SINFO:0,8,1,6203,"Subtitles"
SINFO:0,8,3,0,"spa"
SINFO:0,8,4,0,"Spanish"
SINFO:0,8,5,0,"S_VOBSUB"
SINFO:0,8,6,0,""
SINFO:0,8,7,0,"Dvd Subtitles"
SINFO:0,8,22,0,"1"
SINFO:0,8,30,0," Spanish"
SINFO:0,8,31,6121,"<b>Track information</b><br>"
SINFO:0,8,33,0,"90"
TINFO:1,8,0,"20"
TINFO:1,9,0,"1:32:58"
TINFO:1,10,0,"4.3 GB"
TINFO:1,11,0,"4664123392"
TINFO:1,15,0,"2"
TINFO:1,24,0,"30"
TINFO:1,25,0,"43"
TINFO:1,26,0,"7-10,12,13,15,16-17,19,20,22,23,25,26,28,29,31,32,34,35-36,38,39,41,42-43,45,46-47,49,50,52,53-56,57-58,60,61-70,72,73-77,79,80,82,83,85,86,88,89,(91,93),94-96,97"
TINFO:1,27,0,"title01.mkv"
TINFO:1,30,0,"20 chapter(s) , 4.3 GB (angle 2)"
TINFO:1,31,6120,"<b>Title information</b><br>"
TINFO:1,33,0,"0"
SINFO:1,0,1,6201,"Video"
SINFO:1,0,5,0,"V_MPEG2"
SINFO:1,0,6,0,"Mpeg2"
SINFO:1,0,7,0,"Mpeg2"
SINFO:1,0,13,0,"9.8 Mb/s"
SINFO:1,0,19,0,"720x576"
SINFO:1,0,20,0,"16:9"
SINFO:1,0,21,0,"25"
SINFO:1,0,22,0,"0"
SINFO:1,0,30,0,"Mpeg2"
SINFO:1,0,31,6121,"<b>Track information</b><br>"
SINFO:1,0,33,0,"0"
SINFO:1,1,1,6202,"Audio"
SINFO:1,1,2,0,"3/2+1"
SINFO:1,1,3,0,"eng"
SINFO:1,1,4,0,"English"
SINFO:1,1,5,0,"A_AC3"
SINFO:1,1,6,0,"DD"
SINFO:1,1,7,0,"Dolby Digital"
SINFO:1,1,13,0,"448 Kb/s"
SINFO:1,1,14,0,"6"
SINFO:1,1,17,0,"48000"
SINFO:1,1,22,0,"0"
SINFO:1,1,30,0,"DD 3/2+1 English"
SINFO:1,1,31,6121,"<b>Track information</b><br>"
SINFO:1,1,33,0,"90"
SINFO:1,2,1,6202,"Audio"
SINFO:1,2,2,0,"2/0"
SINFO:1,2,3,0,"eng"
SINFO:1,2,4,0,"English"
SINFO:1,2,5,0,"A_AC3"
SINFO:1,2,6,0,"DD"
SINFO:1,2,7,0,"Dolby Digital"
SINFO:1,2,13,0,"192 Kb/s"
SINFO:1,2,14,0,"2"
SINFO:1,2,17,0,"48000"
SINFO:1,2,22,0,"4"
SINFO:1,2,30,0,"DD 2/0 English"
SINFO:1,2,31,6121,"<b>Track information</b><br>"
SINFO:1,2,33,0,"90"
SINFO:1,3,1,6202,"Audio"
SINFO:1,3,2,0,"3/2+1"
SINFO:1,3,3,0,"spa"
SINFO:1,3,4,0,"Spanish"
SINFO:1,3,5,0,"A_AC3"
SINFO:1,3,6,0,"DD"
SINFO:1,3,7,0,"Dolby Digital"
SINFO:1,3,13,0,"384 Kb/s"
SINFO:1,3,14,0,"6"
SINFO:1,3,17,0,"48000"
SINFO:1,3,22,0,"0"
SINFO:1,3,30,0,"DD 3/2+1 Spanish"
SINFO:1,3,31,6121,"<b>Track information</b><br>"
SINFO:1,3,33,0,"90"
SINFO:1,4,1,6202,"Audio"
SINFO:1,4,2,0,"1/0"
SINFO:1,4,3,0,"eng"
SINFO:1,4,4,0,"English"
SINFO:1,4,5,0,"A_AC3"
SINFO:1,4,6,0,"DD"
SINFO:1,4,7,0,"Dolby Digital"
SINFO:1,4,13,0,"96 Kb/s"
SINFO:1,4,14,0,"1"
SINFO:1,4,17,0,"48000"
SINFO:1,4,22,0,"1"
SINFO:1,4,30,0,"DD 1/0 English"
SINFO:1,4,31,6121,"<b>Track information</b><br>"
SINFO:1,4,33,0,"90"
SINFO:1,5,1,6203,"Subtitles"
SINFO:1,5,3,0,"eng"
SINFO:1,5,4,0,"English"
SINFO:1,5,5,0,"S_VOBSUB"
SINFO:1,5,6,0,""
SINFO:1,5,7,0,"Dvd Subtitles"
SINFO:1,5,22,0,"0"
SINFO:1,5,30,0," English"
SINFO:1,5,31,6121,"<b>Track information</b><br>"
SINFO:1,5,33,0,"90"
SINFO:1,6,1,6203,"Subtitles"
SINFO:1,6,3,0,"eng"
SINFO:1,6,4,0,"English"
SINFO:1,6,5,0,"S_VOBSUB"
SINFO:1,6,6,0,""
SINFO:1,6,7,0,"Dvd Subtitles"
SINFO:1,6,22,0,"0"
SINFO:1,6,30,0," English"
SINFO:1,6,31,6121,"<b>Track information</b><br>"
SINFO:1,6,33,0,"90"
SINFO:1,7,1,6203,"Subtitles"
SINFO:1,7,3,0,"spa"
SINFO:1,7,4,0,"Spanish"
SINFO:1,7,5,0,"S_VOBSUB"
SINFO:1,7,6,0,""
SINFO:1,7,7,0,"Dvd Subtitles"
SINFO:1,7,22,0,"0"
SINFO:1,7,30,0," Spanish"
SINFO:1,7,31,6121,"<b>Track information</b><br>"
SINFO:1,7,33,0,"90"
SINFO:1,8,1,6203,"Subtitles"
SINFO:1,8,3,0,"spa"
SINFO:1,8,4,0,"Spanish"
SINFO:1,8,5,0,"S_VOBSUB"
SINFO:1,8,6,0,""
SINFO:1,8,7,0,"Dvd Subtitles"
SINFO:1,8,22,0,"1"
SINFO:1,8,30,0," Spanish"
SINFO:1,8,31,6121,"<b>Track information</b><br>"
SINFO:1,8,33,0,"90"
TINFO:2,8,0,"5"
TINFO:2,9,0,"0:11:15"
TINFO:2,10,0,"347.0 MB"
TINFO:2,11,0,"363890688"
TINFO:2,24,0,"65"
TINFO:2,25,0,"5"
TINFO:2,26,0,"1,2,3,4,5"
TINFO:2,27,0,"title02.mkv"
TINFO:2,30,0,"5 chapter(s) , 347.0 MB"
TINFO:2,31,6120,"<b>Title information</b><br>"
TINFO:2,33,0,"0"
SINFO:2,0,1,6201,"Video"
SINFO:2,0,5,0,"V_MPEG2"
SINFO:2,0,6,0,"Mpeg2"
SINFO:2,0,7,0,"Mpeg2"
SINFO:2,0,13,0,"9.8 Mb/s"
SINFO:2,0,19,0,"720x576"
SINFO:2,0,20,0,"16:9"
SINFO:2,0,21,0,"25"
SINFO:2,0,22,0,"0"
SINFO:2,0,30,0,"Mpeg2"
SINFO:2,0,31,6121,"<b>Track information</b><br>"
SINFO:2,0,33,0,"0"
SINFO:2,1,1,6202,"Audio"
SINFO:2,1,2,0,"2/0"
SINFO:2,1,3,0,"eng"
SINFO:2,1,4,0,"English"
SINFO:2,1,5,0,"A_AC3"
SINFO:2,1,6,0,"DD"
SINFO:2,1,7,0,"Dolby Digital"
SINFO:2,1,13,0,"192 Kb/s"
SINFO:2,1,14,0,"2"
SINFO:2,1,17,0,"48000"
SINFO:2,1,22,0,"0"
SINFO:2,1,30,0,"DD 2/0 English"
SINFO:2,1,31,6121,"<b>Track information</b><br>"
SINFO:2,1,33,0,"90"
SINFO:2,2,1,6203,"Subtitles"
SINFO:2,2,3,0,"spa"
SINFO:2,2,4,0,"Spanish"
SINFO:2,2,5,0,"S_VOBSUB"
SINFO:2,2,6,0,""
SINFO:2,2,7,0,"Dvd Subtitles"
SINFO:2,2,22,0,"0"
SINFO:2,2,30,0," Spanish"
SINFO:2,2,31,6121,"<b>Track information</b><br>"
SINFO:2,2,33,0,"90"
TINFO:3,8,0,"1"
TINFO:3,9,0,"0:03:36"
TINFO:3,10,0,"110.8 MB"
TINFO:3,11,0,"116221952"
TINFO:3,24,0,"67"
TINFO:3,25,0,"1"
TINFO:3,26,0,"1"
TINFO:3,27,0,"title03.mkv"
TINFO:3,30,0,"1 chapter(s) , 110.8 MB"
TINFO:3,31,6120,"<b>Title information</b><br>"
TINFO:3,33,0,"0"
SINFO:3,0,1,6201,"Video"
SINFO:3,0,5,0,"V_MPEG2"
SINFO:3,0,6,0,"Mpeg2"
SINFO:3,0,7,0,"Mpeg2"
SINFO:3,0,13,0,"9.8 Mb/s"
SINFO:3,0,19,0,"720x576"
SINFO:3,0,20,0,"16:9"
SINFO:3,0,21,0,"25"
SINFO:3,0,22,0,"0"
SINFO:3,0,30,0,"Mpeg2"
SINFO:3,0,31,6121,"<b>Track information</b><br>"
SINFO:3,0,33,0,"0"
SINFO:3,1,1,6202,"Audio"
SINFO:3,1,2,0,"2/0"
SINFO:3,1,3,0,"eng"
SINFO:3,1,4,0,"English"
SINFO:3,1,5,0,"A_AC3"
SINFO:3,1,6,0,"DD"
SINFO:3,1,7,0,"Dolby Digital"
SINFO:3,1,13,0,"192 Kb/s"
SINFO:3,1,14,0,"2"
SINFO:3,1,17,0,"48000"
SINFO:3,1,22,0,"0"
SINFO:3,1,30,0,"DD 2/0 English"
SINFO:3,1,31,6121,"<b>Track information</b><br>"
SINFO:3,1,33,0,"90"
SINFO:3,2,1,6203,"Subtitles"
SINFO:3,2,3,0,"spa"
SINFO:3,2,4,0,"Spanish"
SINFO:3,2,5,0,"S_VOBSUB"
SINFO:3,2,6,0,""
SINFO:3,2,7,0,"Dvd Subtitles"
SINFO:3,2,22,0,"0"
SINFO:3,2,30,0," Spanish"
SINFO:3,2,31,6121,"<b>Track information</b><br>"
SINFO:3,2,33,0,"90"
TINFO:4,8,0,"1"
TINFO:4,9,0,"0:03:12"
TINFO:4,10,0,"98.6 MB"
TINFO:4,11,0,"103479296"
TINFO:4,24,0,"68"
TINFO:4,25,0,"1"
TINFO:4,26,0,"1"
TINFO:4,27,0,"title04.mkv"
TINFO:4,30,0,"1 chapter(s) , 98.6 MB"
TINFO:4,31,6120,"<b>Title information</b><br>"
TINFO:4,33,0,"0"
SINFO:4,0,1,6201,"Video"
SINFO:4,0,5,0,"V_MPEG2"
SINFO:4,0,6,0,"Mpeg2"
SINFO:4,0,7,0,"Mpeg2"
SINFO:4,0,13,0,"9.8 Mb/s"
SINFO:4,0,19,0,"720x576"
SINFO:4,0,20,0,"16:9"
SINFO:4,0,21,0,"25"
SINFO:4,0,22,0,"0"
SINFO:4,0,30,0,"Mpeg2"
SINFO:4,0,31,6121,"<b>Track information</b><br>"
SINFO:4,0,33,0,"0"
SINFO:4,1,1,6202,"Audio"
SINFO:4,1,2,0,"2/0"
SINFO:4,1,3,0,"eng"
SINFO:4,1,4,0,"English"
SINFO:4,1,5,0,"A_AC3"
SINFO:4,1,6,0,"DD"
SINFO:4,1,7,0,"Dolby Digital"
SINFO:4,1,13,0,"192 Kb/s"
SINFO:4,1,14,0,"2"
SINFO:4,1,17,0,"48000"
SINFO:4,1,22,0,"0"
SINFO:4,1,30,0,"DD 2/0 English"
SINFO:4,1,31,6121,"<b>Track information</b><br>"
SINFO:4,1,33,0,"90"
SINFO:4,2,1,6203,"Subtitles"
SINFO:4,2,3,0,"spa"
SINFO:4,2,4,0,"Spanish"
SINFO:4,2,5,0,"S_VOBSUB"
SINFO:4,2,6,0,""
SINFO:4,2,7,0,"Dvd Subtitles"
SINFO:4,2,22,0,"0"
SINFO:4,2,30,0," Spanish"
SINFO:4,2,31,6121,"<b>Track information</b><br>"
SINFO:4,2,33,0,"90"
TINFO:5,8,0,"1"
TINFO:5,9,0,"0:04:04"
TINFO:5,10,0,"124.8 MB"
TINFO:5,11,0,"130899968"
TINFO:5,24,0,"70"
TINFO:5,25,0,"1"
TINFO:5,26,0,"1"
TINFO:5,27,0,"title05.mkv"
TINFO:5,30,0,"1 chapter(s) , 124.8 MB"
TINFO:5,31,6120,"<b>Title information</b><br>"
TINFO:5,33,0,"0"
SINFO:5,0,1,6201,"Video"
SINFO:5,0,5,0,"V_MPEG2"
SINFO:5,0,6,0,"Mpeg2"
SINFO:5,0,7,0,"Mpeg2"
SINFO:5,0,13,0,"9.8 Mb/s"
SINFO:5,0,19,0,"720x576"
SINFO:5,0,20,0,"16:9"
SINFO:5,0,21,0,"25"
SINFO:5,0,22,0,"0"
SINFO:5,0,30,0,"Mpeg2"
SINFO:5,0,31,6121,"<b>Track information</b><br>"
SINFO:5,0,33,0,"0"
SINFO:5,1,1,6202,"Audio"
SINFO:5,1,2,0,"2/0"
SINFO:5,1,3,0,"eng"
SINFO:5,1,4,0,"English"
SINFO:5,1,5,0,"A_AC3"
SINFO:5,1,6,0,"DD"
SINFO:5,1,7,0,"Dolby Digital"
SINFO:5,1,13,0,"192 Kb/s"
SINFO:5,1,14,0,"2"
SINFO:5,1,17,0,"48000"
SINFO:5,1,22,0,"0"
SINFO:5,1,30,0,"DD 2/0 English"
SINFO:5,1,31,6121,"<b>Track information</b><br>"
SINFO:5,1,33,0,"90"
TINFO:6,8,0,"1"
TINFO:6,9,0,"0:04:45"
TINFO:6,10,0,"170.4 MB"
TINFO:6,11,0,"178677760"
TINFO:6,24,0,"73"
TINFO:6,25,0,"1"
TINFO:6,26,0,"1"
TINFO:6,27,0,"title06.mkv"
TINFO:6,30,0,"1 chapter(s) , 170.4 MB"
TINFO:6,31,6120,"<b>Title information</b><br>"
TINFO:6,33,0,"0"
SINFO:6,0,1,6201,"Video"
SINFO:6,0,5,0,"V_MPEG2"
SINFO:6,0,6,0,"Mpeg2"
SINFO:6,0,7,0,"Mpeg2"
SINFO:6,0,13,0,"9.8 Mb/s"
SINFO:6,0,19,0,"720x576"
SINFO:6,0,20,0,"16:9"
SINFO:6,0,21,0,"25"
SINFO:6,0,22,0,"0"
SINFO:6,0,30,0,"Mpeg2"
SINFO:6,0,31,6121,"<b>Track information</b><br>"
SINFO:6,0,33,0,"0"
SINFO:6,1,1,6202,"Audio"
SINFO:6,1,2,0,"3/2+1"
SINFO:6,1,3,0,"eng"
SINFO:6,1,4,0,"English"
SINFO:6,1,5,0,"A_AC3"
SINFO:6,1,6,0,"DD"
SINFO:6,1,7,0,"Dolby Digital"
SINFO:6,1,13,0,"384 Kb/s"
SINFO:6,1,14,0,"6"
SINFO:6,1,17,0,"48000"
SINFO:6,1,22,0,"0"
SINFO:6,1,30,0,"DD 3/2+1 English"
SINFO:6,1,31,6121,"<b>Track information</b><br>"
SINFO:6,1,33,0,"90"
SINFO:6,2,1,6203,"Subtitles"
SINFO:6,2,3,0,"spa"
SINFO:6,2,4,0,"Spanish"
SINFO:6,2,5,0,"S_VOBSUB"
SINFO:6,2,6,0,""
SINFO:6,2,7,0,"Dvd Subtitles"
SINFO:6,2,22,0,"0"
SINFO:6,2,30,0," Spanish"
SINFO:6,2,31,6121,"<b>Track information</b><br>"
SINFO:6,2,33,0,"90"
TINFO:7,8,0,"5"
TINFO:7,9,0,"0:05:58"
TINFO:7,10,0,"263.0 MB"
TINFO:7,11,0,"275812352"
TINFO:7,24,0,"76"
TINFO:7,25,0,"5"
TINFO:7,26,0,"1,2,3,4,5"
TINFO:7,27,0,"title07.mkv"
TINFO:7,30,0,"5 chapter(s) , 263.0 MB"
TINFO:7,31,6120,"<b>Title information</b><br>"
TINFO:7,33,0,"0"
SINFO:7,0,1,6201,"Video"
SINFO:7,0,5,0,"V_MPEG2"
SINFO:7,0,6,0,"Mpeg2"
SINFO:7,0,7,0,"Mpeg2"
SINFO:7,0,13,0,"9.8 Mb/s"
SINFO:7,0,19,0,"720x576"
SINFO:7,0,20,0,"16:9"
SINFO:7,0,21,0,"25"
SINFO:7,0,22,0,"0"
SINFO:7,0,30,0,"Mpeg2"
SINFO:7,0,31,6121,"<b>Track information</b><br>"
SINFO:7,0,33,0,"0"
SINFO:7,1,1,6202,"Audio"
SINFO:7,1,2,0,"2/0"
SINFO:7,1,3,0,"eng"
SINFO:7,1,4,0,"English"
SINFO:7,1,5,0,"A_AC3"
SINFO:7,1,6,0,"DD"
SINFO:7,1,7,0,"Dolby Digital"
SINFO:7,1,13,0,"192 Kb/s"
SINFO:7,1,14,0,"2"
SINFO:7,1,17,0,"48000"
SINFO:7,1,22,0,"0"
SINFO:7,1,30,0,"DD 2/0 English"
SINFO:7,1,31,6121,"<b>Track information</b><br>"
SINFO:7,1,33,0,"90"
SINFO:7,2,1,6202,"Audio"
SINFO:7,2,2,0,"2/0"
SINFO:7,2,3,0,"spa"
SINFO:7,2,4,0,"Spanish"
SINFO:7,2,5,0,"A_AC3"
SINFO:7,2,6,0,"DD"
SINFO:7,2,7,0,"Dolby Digital"
SINFO:7,2,13,0,"192 Kb/s"
SINFO:7,2,14,0,"2"
SINFO:7,2,17,0,"48000"
SINFO:7,2,22,0,"0"
SINFO:7,2,30,0,"DD 2/0 Spanish"
SINFO:7,2,31,6121,"<b>Track information</b><br>"
SINFO:7,2,33,0,"90"
SINFO:7,3,1,6203,"Subtitles"
SINFO:7,3,3,0,"spa"
SINFO:7,3,4,0,"Spanish"
SINFO:7,3,5,0,"S_VOBSUB"
SINFO:7,3,6,0,""
SINFO:7,3,7,0,"Dvd Subtitles"
SINFO:7,3,22,0,"0"
SINFO:7,3,30,0," Spanish"
SINFO:7,3,31,6121,"<b>Track information</b><br>"
SINFO:7,3,33,0,"90"
TINFO:8,8,0,"4"
TINFO:8,9,0,"0:04:55"
TINFO:8,10,0,"223.5 MB"
TINFO:8,11,0,"234381312"
TINFO:8,24,0,"79"
TINFO:8,25,0,"4"
TINFO:8,26,0,"1,2,3,4"
TINFO:8,27,0,"title08.mkv"
TINFO:8,30,0,"4 chapter(s) , 223.5 MB"
TINFO:8,31,6120,"<b>Title information</b><br>"
TINFO:8,33,0,"0"
SINFO:8,0,1,6201,"Video"
SINFO:8,0,5,0,"V_MPEG2"
SINFO:8,0,6,0,"Mpeg2"
SINFO:8,0,7,0,"Mpeg2"
SINFO:8,0,13,0,"9.8 Mb/s"
SINFO:8,0,19,0,"720x576"
SINFO:8,0,20,0,"16:9"
SINFO:8,0,21,0,"25"
SINFO:8,0,22,0,"0"
SINFO:8,0,30,0,"Mpeg2"
SINFO:8,0,31,6121,"<b>Track information</b><br>"
SINFO:8,0,33,0,"0"
SINFO:8,1,1,6202,"Audio"
SINFO:8,1,2,0,"2/0"
SINFO:8,1,3,0,"eng"
SINFO:8,1,4,0,"English"
SINFO:8,1,5,0,"A_AC3"
SINFO:8,1,6,0,"DD"
SINFO:8,1,7,0,"Dolby Digital"
SINFO:8,1,13,0,"192 Kb/s"
SINFO:8,1,14,0,"2"
SINFO:8,1,17,0,"48000"
SINFO:8,1,22,0,"0"
SINFO:8,1,30,0,"DD 2/0 English"
SINFO:8,1,31,6121,"<b>Track information</b><br>"
SINFO:8,1,33,0,"90"
SINFO:8,2,1,6202,"Audio"
SINFO:8,2,2,0,"2/0"
SINFO:8,2,3,0,"spa"
SINFO:8,2,4,0,"Spanish"
SINFO:8,2,5,0,"A_AC3"
SINFO:8,2,6,0,"DD"
SINFO:8,2,7,0,"Dolby Digital"
SINFO:8,2,13,0,"192 Kb/s"
SINFO:8,2,14,0,"2"
SINFO:8,2,17,0,"48000"
SINFO:8,2,22,0,"0"
SINFO:8,2,30,0,"DD 2/0 Spanish"
SINFO:8,2,31,6121,"<b>Track information</b><br>"
SINFO:8,2,33,0,"90"
SINFO:8,3,1,6203,"Subtitles"
SINFO:8,3,3,0,"spa"
SINFO:8,3,4,0,"Spanish"
SINFO:8,3,5,0,"S_VOBSUB"
SINFO:8,3,6,0,""
SINFO:8,3,7,0,"Dvd Subtitles"
SINFO:8,3,22,0,"0"
SINFO:8,3,30,0," Spanish"
TINFO:18,9,0,"2:04:55"

